<?xml version="1.0" encoding="UTF-8"?>
<!-- Generated by org.testng.reporters.JUnitReportReporter -->
<testsuite hostname="DESKTOP-6394TQ6" failures="0" tests="5" name="scenarioPack.TestNG5" time="0.028" errors="0" timestamp="2022-12-30T13:13:10 IST" skipped="0">
  <testcase classname="scenarioPack.TestNG5" name="TestA" time="0.013"/>
  <system-out/>
  <testcase classname="scenarioPack.TestNG5" name="TestC" time="0.006"/>
  <system-out/>
  <testcase classname="scenarioPack.TestNG5" name="TestE" time="0.004"/>
  <system-out/>
  <testcase classname="scenarioPack.TestNG5" name="TestB" time="0.003"/>
  <system-out/>
  <testcase classname="scenarioPack.TestNG5" name="TestD" time="0.002"/>
  <system-out/>
</testsuite> <!-- scenarioPack.TestNG5 -->
