<?xml version="1.0" encoding="UTF-8"?>
<!-- Generated by org.testng.reporters.JUnitReportReporter -->
<testsuite hostname="DESKTOP-6394TQ6" failures="0" tests="3" name="scenarioPack.TestNG6" time="0.018" errors="0" timestamp="2022-12-30T13:54:56 IST" skipped="1">
  <testcase classname="scenarioPack.TestNG6" name="TestC" time="0.015"/>
  <system-out/>
  <testcase classname="scenarioPack.TestNG6" name="TestA" time="0.003"/>
  <system-out/>
  <testcase classname="scenarioPack.TestNG6" name="TestB">
    <skipped/>
  </testcase> <!-- TestB -->
  <system-out/>
</testsuite> <!-- scenarioPack.TestNG6 -->
