<?xml version="1.0" encoding="UTF-8"?>
<!-- Generated by org.testng.reporters.JUnitReportReporter -->
<testsuite hostname="DESKTOP-6394TQ6" failures="0" tests="1" name="testNG.TestNG2" time="0.014" errors="0" timestamp="2022-12-27T00:00:04 IST" skipped="0">
  <testcase classname="testNG.TestNG2" name="method2" time="0.014"/>
  <system-out/>
</testsuite> <!-- testNG.TestNG2 -->
