<?xml version="1.0" encoding="UTF-8"?>
<!-- Generated by org.testng.reporters.JUnitReportReporter -->
<testsuite hostname="DESKTOP-6394TQ6" failures="0" tests="1" name="scenarioPack.TestNG11" time="0.015" errors="0" timestamp="2023-01-01T08:03:24 IST" skipped="0">
  <testcase classname="scenarioPack.TestNG11" name="Test1" time="0.015"/>
  <system-out/>
</testsuite> <!-- scenarioPack.TestNG11 -->
