<?xml version="1.0" encoding="UTF-8"?>
<!-- Generated by org.testng.reporters.JUnitReportReporter -->
<testsuite hostname="DESKTOP-6394TQ6" failures="0" tests="2" name="scenarioPack.TestNG4" time="0.015" errors="0" timestamp="2022-12-30T01:29:52 IST" skipped="0">
  <testcase classname="scenarioPack.TestNG4" name="verifylogOut" time="0.003"/>
  <system-out/>
  <testcase classname="scenarioPack.TestNG4" name="verifyLogin" time="0.012"/>
  <system-out/>
</testsuite> <!-- scenarioPack.TestNG4 -->
