<?xml version="1.0" encoding="UTF-8"?>
<!-- Generated by org.testng.reporters.JUnitReportReporter -->
<testsuite hostname="DESKTOP-6394TQ6" failures="0" tests="8" name="scenarioPack.TestNG8" time="0.035" errors="0" timestamp="2022-12-30T14:52:41 IST" skipped="0">
  <testcase classname="scenarioPack.TestNG8" name="TestA" time="0.002"/>
  <system-out/>
  <testcase classname="scenarioPack.TestNG8" name="TestA" time="0.003"/>
  <system-out/>
  <testcase classname="scenarioPack.TestNG8" name="TestA" time="0.002"/>
  <system-out/>
  <testcase classname="scenarioPack.TestNG8" name="TestA" time="0.003"/>
  <system-out/>
  <testcase classname="scenarioPack.TestNG8" name="TestE" time="0.002"/>
  <system-out/>
  <testcase classname="scenarioPack.TestNG8" name="TestA" time="0.019"/>
  <system-out/>
  <testcase classname="scenarioPack.TestNG8" name="TestD" time="0.002"/>
  <system-out/>
  <testcase classname="scenarioPack.TestNG8" name="TestD" time="0.002"/>
  <system-out/>
</testsuite> <!-- scenarioPack.TestNG8 -->
