<?xml version="1.0" encoding="UTF-8"?>
<!-- Generated by org.testng.reporters.JUnitReportReporter -->
<testsuite hostname="DESKTOP-6394TQ6" failures="0" tests="1" name="testNG.Test1" time="0.019" errors="0" timestamp="2022-12-26T22:12:15 IST" skipped="0">
  <testcase classname="testNG.Test1" name="method1" time="0.019"/>
  <system-out/>
</testsuite> <!-- testNG.Test1 -->
