<?xml version="1.0" encoding="UTF-8"?>
<!-- Generated by org.testng.reporters.JUnitReportReporter -->
<testsuite hostname="DESKTOP-6394TQ6" failures="0" tests="1" name="scenarioPack.TestNg2" time="0.015" errors="0" timestamp="2022-12-29T16:44:11 IST" skipped="0">
  <testcase classname="scenarioPack.TestNg2" name="Method2" time="0.015"/>
  <system-out/>
</testsuite> <!-- scenarioPack.TestNg2 -->
