<?xml version="1.0" encoding="UTF-8"?>
<!-- Generated by org.testng.reporters.JUnitReportReporter -->
<testsuite hostname="DESKTOP-6394TQ6" failures="0" tests="1" name="scenarioPack.SDTC01_TestClass_VerifyLoginFunctionality" time="8.869" errors="0" timestamp="2023-01-11T14:20:37 IST" skipped="0">
  <testcase classname="scenarioPack.SDTC01_TestClass_VerifyLoginFunctionality" name="VerifyLoginFunctionality" time="8.869"/>
  <system-out/>
</testsuite> <!-- scenarioPack.SDTC01_TestClass_VerifyLoginFunctionality -->
